<?xml version="1.0" encoding="UTF-8"?>
<!-- Generated by org.testng.reporters.JUnitReportReporter -->
<testsuite name="main.GoogleSearch" tests="4" time="126.611" ignored="0" failures="0" timestamp="22 Jan 2020 14:13:12 GMT" skipped="0" hostname="DESKTOP-8INARV7" errors="0">
  <testcase name="Test" time="39.955" classname="main.GoogleSearch"/>
  <testcase name="Test" time="52.822" classname="main.GoogleSearch"/>
  <testcase name="Test" time="12.898" classname="main.GoogleSearch"/>
  <testcase name="Test" time="20.936" classname="main.GoogleSearch"/>
</testsuite> <!-- main.GoogleSearch -->
