<?xml version="1.0" encoding="UTF-8"?>
<!-- Generated by org.testng.reporters.JUnitReportReporter -->
<testsuite name="main.GoogleSearch" tests="4" time="168.179" ignored="0" failures="0" timestamp="21 Jan 2020 13:51:07 GMT" skipped="0" hostname="DESKTOP-8INARV7" errors="0">
  <testcase name="Test" time="51.100" classname="main.GoogleSearch"/>
  <testcase name="Test" time="46.106" classname="main.GoogleSearch"/>
  <testcase name="Test" time="56.790" classname="main.GoogleSearch"/>
  <testcase name="Test" time="14.183" classname="main.GoogleSearch"/>
</testsuite> <!-- main.GoogleSearch -->
